<?xml version="1.0" encoding="UTF-8"?>
<testsuite xmlns:xsi="http://www.w3.org/2001/XMLSchema-instance" xsi:noNamespaceSchemaLocation="https://maven.apache.org/surefire/maven-surefire-plugin/xsd/surefire-test-report.xsd" name="TestRunner.AmazonTest" time="2.03" tests="19" errors="3" skipped="0" failures="0">
  <properties>
    <property name="gopherProxySet" value="false"/>
    <property name="awt.toolkit" value="sun.lwawt.macosx.LWCToolkit"/>
    <property name="java.specification.version" value="11"/>
    <property name="sun.cpu.isalist" value=""/>
    <property name="sun.jnu.encoding" value="UTF-8"/>
    <property name="java.class.path" value="/Users/rahulmac/eclipse-workspace/CucumberPractices/target/test-classes:/Users/rahulmac/eclipse-workspace/CucumberPractices/target/classes:/Users/rahulmac/.m2/repository/io/cucumber/cucumber-java/6.10.4/cucumber-java-6.10.4.jar:/Users/rahulmac/.m2/repository/io/cucumber/cucumber-core/6.10.4/cucumber-core-6.10.4.jar:/Users/rahulmac/.m2/repository/io/cucumber/cucumber-gherkin/6.10.4/cucumber-gherkin-6.10.4.jar:/Users/rahulmac/.m2/repository/io/cucumber/cucumber-gherkin-messages/6.10.4/cucumber-gherkin-messages-6.10.4.jar:/Users/rahulmac/.m2/repository/io/cucumber/messages/15.0.0/messages-15.0.0.jar:/Users/rahulmac/.m2/repository/io/cucumber/tag-expressions/3.0.1/tag-expressions-3.0.1.jar:/Users/rahulmac/.m2/repository/io/cucumber/cucumber-expressions/10.3.0/cucumber-expressions-10.3.0.jar:/Users/rahulmac/.m2/repository/io/cucumber/datatable/3.5.0/datatable-3.5.0.jar:/Users/rahulmac/.m2/repository/io/cucumber/cucumber-plugin/6.10.4/cucumber-plugin-6.10.4.jar:/Users/rahulmac/.m2/repository/io/cucumber/docstring/6.10.4/docstring-6.10.4.jar:/Users/rahulmac/.m2/repository/io/cucumber/html-formatter/13.0.0/html-formatter-13.0.0.jar:/Users/rahulmac/.m2/repository/io/cucumber/create-meta/4.0.0/create-meta-4.0.0.jar:/Users/rahulmac/.m2/repository/org/apiguardian/apiguardian-api/1.1.1/apiguardian-api-1.1.1.jar:/Users/rahulmac/.m2/repository/io/cucumber/cucumber-junit/6.10.4/cucumber-junit-6.10.4.jar:/Users/rahulmac/.m2/repository/junit/junit/4.13.2/junit-4.13.2.jar:/Users/rahulmac/.m2/repository/org/hamcrest/hamcrest-core/1.3/hamcrest-core-1.3.jar:"/>
    <property name="java.vm.vendor" value="Oracle Corporation"/>
    <property name="sun.arch.data.model" value="64"/>
    <property name="java.vendor.url" value="http://java.oracle.com/"/>
    <property name="user.timezone" value=""/>
    <property name="java.vm.specification.version" value="11"/>
    <property name="os.name" value="Mac OS X"/>
    <property name="sun.java.launcher" value="SUN_STANDARD"/>
    <property name="user.country" value="GB"/>
    <property name="sun.boot.library.path" value="/Library/Java/JavaVirtualMachines/jdk-11.0.3.jdk/Contents/Home/lib"/>
    <property name="sun.java.command" value="/Users/rahulmac/eclipse-workspace/CucumberPractices/target/surefire/surefirebooter12819439758595818890.jar /Users/rahulmac/eclipse-workspace/CucumberPractices/target/surefire 2021-08-24T23-37-26_747-jvmRun1 surefire1207831849216718371tmp surefire_014348160844169157734tmp"/>
    <property name="jdk.debug" value="release"/>
    <property name="surefire.test.class.path" value="/Users/rahulmac/eclipse-workspace/CucumberPractices/target/test-classes:/Users/rahulmac/eclipse-workspace/CucumberPractices/target/classes:/Users/rahulmac/.m2/repository/io/cucumber/cucumber-java/6.10.4/cucumber-java-6.10.4.jar:/Users/rahulmac/.m2/repository/io/cucumber/cucumber-core/6.10.4/cucumber-core-6.10.4.jar:/Users/rahulmac/.m2/repository/io/cucumber/cucumber-gherkin/6.10.4/cucumber-gherkin-6.10.4.jar:/Users/rahulmac/.m2/repository/io/cucumber/cucumber-gherkin-messages/6.10.4/cucumber-gherkin-messages-6.10.4.jar:/Users/rahulmac/.m2/repository/io/cucumber/messages/15.0.0/messages-15.0.0.jar:/Users/rahulmac/.m2/repository/io/cucumber/tag-expressions/3.0.1/tag-expressions-3.0.1.jar:/Users/rahulmac/.m2/repository/io/cucumber/cucumber-expressions/10.3.0/cucumber-expressions-10.3.0.jar:/Users/rahulmac/.m2/repository/io/cucumber/datatable/3.5.0/datatable-3.5.0.jar:/Users/rahulmac/.m2/repository/io/cucumber/cucumber-plugin/6.10.4/cucumber-plugin-6.10.4.jar:/Users/rahulmac/.m2/repository/io/cucumber/docstring/6.10.4/docstring-6.10.4.jar:/Users/rahulmac/.m2/repository/io/cucumber/html-formatter/13.0.0/html-formatter-13.0.0.jar:/Users/rahulmac/.m2/repository/io/cucumber/create-meta/4.0.0/create-meta-4.0.0.jar:/Users/rahulmac/.m2/repository/org/apiguardian/apiguardian-api/1.1.1/apiguardian-api-1.1.1.jar:/Users/rahulmac/.m2/repository/io/cucumber/cucumber-junit/6.10.4/cucumber-junit-6.10.4.jar:/Users/rahulmac/.m2/repository/junit/junit/4.13.2/junit-4.13.2.jar:/Users/rahulmac/.m2/repository/org/hamcrest/hamcrest-core/1.3/hamcrest-core-1.3.jar:"/>
    <property name="sun.cpu.endian" value="little"/>
    <property name="user.home" value="/Users/rahulmac"/>
    <property name="user.language" value="en"/>
    <property name="java.specification.vendor" value="Oracle Corporation"/>
    <property name="java.version.date" value="2019-04-16"/>
    <property name="java.home" value="/Library/Java/JavaVirtualMachines/jdk-11.0.3.jdk/Contents/Home"/>
    <property name="file.separator" value="/"/>
    <property name="basedir" value="/Users/rahulmac/eclipse-workspace/CucumberPractices"/>
    <property name="java.vm.compressedOopsMode" value="Zero based"/>
    <property name="line.separator" value="&#10;"/>
    <property name="java.specification.name" value="Java Platform API Specification"/>
    <property name="java.vm.specification.vendor" value="Oracle Corporation"/>
    <property name="java.awt.graphicsenv" value="sun.awt.CGraphicsEnvironment"/>
    <property name="surefire.real.class.path" value="/Users/rahulmac/eclipse-workspace/CucumberPractices/target/surefire/surefirebooter12819439758595818890.jar"/>
    <property name="sun.management.compiler" value="HotSpot 64-Bit Tiered Compilers"/>
    <property name="java.runtime.version" value="11.0.3+12-LTS"/>
    <property name="user.name" value="rahulmac"/>
    <property name="path.separator" value=":"/>
    <property name="os.version" value="10.15.6"/>
    <property name="java.runtime.name" value="Java(TM) SE Runtime Environment"/>
    <property name="file.encoding" value="UTF-8"/>
    <property name="java.vm.name" value="Java HotSpot(TM) 64-Bit Server VM"/>
    <property name="java.vendor.version" value="18.9"/>
    <property name="localRepository" value="/Users/rahulmac/.m2/repository"/>
    <property name="java.vendor.url.bug" value="http://bugreport.java.com/bugreport/"/>
    <property name="java.io.tmpdir" value="/var/folders/nz/z3j8nml918gg49zj5vcs262c0000gn/T/"/>
    <property name="java.version" value="11.0.3"/>
    <property name="user.dir" value="/Users/rahulmac/eclipse-workspace/CucumberPractices"/>
    <property name="os.arch" value="x86_64"/>
    <property name="java.vm.specification.name" value="Java Virtual Machine Specification"/>
    <property name="java.awt.printerjob" value="sun.lwawt.macosx.CPrinterJob"/>
    <property name="sun.os.patch.level" value="unknown"/>
    <property name="java.library.path" value="/Users/rahulmac/Library/Java/Extensions:/Library/Java/Extensions:/Network/Library/Java/Extensions:/System/Library/Java/Extensions:/usr/lib/java:."/>
    <property name="java.vendor" value="Oracle Corporation"/>
    <property name="java.vm.info" value="mixed mode"/>
    <property name="java.vm.version" value="11.0.3+12-LTS"/>
    <property name="sun.io.unicode.encoding" value="UnicodeBig"/>
    <property name="java.class.version" value="55.0"/>
  </properties>
  <testcase name="Check Previous Order Details" classname="Amazon Order Page" time="0.06"/>
  <testcase name="Check Open Order Details" classname="Amazon Order Page" time="0.013"/>
  <testcase name="Check Cancelled Order Details" classname="Amazon Order Page" time="0.014"/>
  <testcase name="Search a Product #1" classname="Amazon Search" time="0.034"/>
  <testcase name="Search a Product #2" classname="Amazon Search" time="0.013"/>
  <testcase name="Booking Cab Sedan" classname="Uber Booking Feature" time="0.013"/>
  <testcase name="Booking Cab SUV" classname="Uber Booking Feature" time="0.02"/>
  <testcase name="Booking Cab for Mini" classname="Uber Booking Feature" time="0.011"/>
  <testcase name="Billing Amount #1" classname="Calculate Billing Amount #1" time="0.014"/>
  <testcase name="Billing Amount #2" classname="Calculate Billing Amount #1" time="0.036"/>
  <testcase name="Billing Amount #3" classname="Calculate Billing Amount #1" time="0.014"/>
  <testcase name="Billing Amount #1" classname="Calculate Billing Amount #2" time="0.038">
    <error message="&quot;user enters tax amount 10&quot; matches more than one step definition:&#10;  &quot;user enters tax amount {double}&quot; in StepDefinition.BillingOverloadedSteps.user_enters_tax_amount(java.lang.Double)&#10;  &quot;user enters tax amount {int}&quot; in StepDefinition.BillingOverloadedSteps.user_enters_tax_amount(java.lang.Integer)" type="io.cucumber.core.runner.AmbiguousStepDefinitionsException">io.cucumber.core.runner.AmbiguousStepDefinitionsException: 
"user enters tax amount 10" matches more than one step definition:
  "user enters tax amount {double}" in StepDefinition.BillingOverloadedSteps.user_enters_tax_amount(java.lang.Double)
  "user enters tax amount {int}" in StepDefinition.BillingOverloadedSteps.user_enters_tax_amount(java.lang.Integer)
</error>
    <system-out><![CDATA[
Scenario Outline: Billing Amount       # src/test/resources/AppFeature/billingError.feature:12
  Given User is on Billing Page        # StepDefinition.BillingStringSteps.user_is_on_billing_page()
  When user enters billing amount 1000 # StepDefinition.BillingOverloadedSteps.user_enters_billing_amount(java.lang.Integer)
  When user enters tax amount 10       # null
      io.cucumber.core.runner.AmbiguousStepDefinitionsException: "user enters tax amount 10" matches more than one step definition:
  "user enters tax amount {double}" in StepDefinition.BillingOverloadedSteps.user_enters_tax_amount(java.lang.Double)
  "user enters tax amount {int}" in StepDefinition.BillingOverloadedSteps.user_enters_tax_amount(java.lang.Integer)
	at io.cucumber.core.runner.CachingGlue.findStepDefinitionMatch(CachingGlue.java:373)
	at io.cucumber.core.runner.CachingGlue.stepDefinitionMatch(CachingGlue.java:341)
	at io.cucumber.core.runner.Runner.matchStepToStepDefinition(Runner.java:148)
	at io.cucumber.core.runner.Runner.createTestStepsForPickleSteps(Runner.java:128)
	at io.cucumber.core.runner.Runner.createTestCaseForPickle(Runner.java:111)
	at io.cucumber.core.runner.Runner.runPickle(Runner.java:72)
	at io.cucumber.junit.PickleRunners$NoStepDescriptions.run(PickleRunners.java:151)
	at io.cucumber.junit.FeatureRunner.runChild(FeatureRunner.java:135)
	at io.cucumber.junit.FeatureRunner.runChild(FeatureRunner.java:27)
	at org.junit.runners.ParentRunner$4.run(ParentRunner.java:331)
	at org.junit.runners.ParentRunner$1.schedule(ParentRunner.java:79)
	at org.junit.runners.ParentRunner.runChildren(ParentRunner.java:329)
	at org.junit.runners.ParentRunner.access$100(ParentRunner.java:66)
	at org.junit.runners.ParentRunner$2.evaluate(ParentRunner.java:293)
	at org.junit.runners.ParentRunner$3.evaluate(ParentRunner.java:306)
	at org.junit.runners.ParentRunner.run(ParentRunner.java:413)
	at io.cucumber.junit.Cucumber.runChild(Cucumber.java:200)
	at io.cucumber.junit.Cucumber.runChild(Cucumber.java:90)
	at org.junit.runners.ParentRunner$4.run(ParentRunner.java:331)
	at org.junit.runners.ParentRunner$1.schedule(ParentRunner.java:79)
	at org.junit.runners.ParentRunner.runChildren(ParentRunner.java:329)
	at org.junit.runners.ParentRunner.access$100(ParentRunner.java:66)
	at org.junit.runners.ParentRunner$2.evaluate(ParentRunner.java:293)
	at io.cucumber.junit.Cucumber$RunCucumber.evaluate(Cucumber.java:235)
	at org.junit.runners.ParentRunner$3.evaluate(ParentRunner.java:306)
	at org.junit.runners.ParentRunner.run(ParentRunner.java:413)
	at org.apache.maven.surefire.junit4.JUnit4Provider.execute(JUnit4Provider.java:365)
	at org.apache.maven.surefire.junit4.JUnit4Provider.executeWithRerun(JUnit4Provider.java:273)
	at org.apache.maven.surefire.junit4.JUnit4Provider.executeTestSet(JUnit4Provider.java:238)
	at org.apache.maven.surefire.junit4.JUnit4Provider.invoke(JUnit4Provider.java:159)
	at org.apache.maven.surefire.booter.ForkedBooter.invokeProviderInSameClassLoader(ForkedBooter.java:384)
	at org.apache.maven.surefire.booter.ForkedBooter.runSuitesInProcess(ForkedBooter.java:345)
	at org.apache.maven.surefire.booter.ForkedBooter.execute(ForkedBooter.java:126)
	at org.apache.maven.surefire.booter.ForkedBooter.main(ForkedBooter.java:418)

  And user clicks on calculate Button  # StepDefinition.BillingOverloadedSteps.user_clicks_on_calculate_button()
  Then it gives the final amount 1010  # null
]]></system-out>
  </testcase>
  <testcase name="Billing Amount #2" classname="Calculate Billing Amount #2" time="0.024">
    <error message="&quot;user enters tax amount 20&quot; matches more than one step definition:&#10;  &quot;user enters tax amount {double}&quot; in StepDefinition.BillingOverloadedSteps.user_enters_tax_amount(java.lang.Double)&#10;  &quot;user enters tax amount {int}&quot; in StepDefinition.BillingOverloadedSteps.user_enters_tax_amount(java.lang.Integer)" type="io.cucumber.core.runner.AmbiguousStepDefinitionsException">io.cucumber.core.runner.AmbiguousStepDefinitionsException: 
"user enters tax amount 20" matches more than one step definition:
  "user enters tax amount {double}" in StepDefinition.BillingOverloadedSteps.user_enters_tax_amount(java.lang.Double)
  "user enters tax amount {int}" in StepDefinition.BillingOverloadedSteps.user_enters_tax_amount(java.lang.Integer)
</error>
    <system-out><![CDATA[
Scenario Outline: Billing Amount      # src/test/resources/AppFeature/billingError.feature:13
  Given User is on Billing Page       # StepDefinition.BillingStringSteps.user_is_on_billing_page()
  When user enters billing amount 500 # StepDefinition.BillingOverloadedSteps.user_enters_billing_amount(java.lang.Integer)
  When user enters tax amount 20      # null
      io.cucumber.core.runner.AmbiguousStepDefinitionsException: "user enters tax amount 20" matches more than one step definition:
  "user enters tax amount {double}" in StepDefinition.BillingOverloadedSteps.user_enters_tax_amount(java.lang.Double)
  "user enters tax amount {int}" in StepDefinition.BillingOverloadedSteps.user_enters_tax_amount(java.lang.Integer)
	at io.cucumber.core.runner.CachingGlue.findStepDefinitionMatch(CachingGlue.java:373)
	at io.cucumber.core.runner.CachingGlue.stepDefinitionMatch(CachingGlue.java:341)
	at io.cucumber.core.runner.Runner.matchStepToStepDefinition(Runner.java:148)
	at io.cucumber.core.runner.Runner.createTestStepsForPickleSteps(Runner.java:128)
	at io.cucumber.core.runner.Runner.createTestCaseForPickle(Runner.java:111)
	at io.cucumber.core.runner.Runner.runPickle(Runner.java:72)
	at io.cucumber.junit.PickleRunners$NoStepDescriptions.run(PickleRunners.java:151)
	at io.cucumber.junit.FeatureRunner.runChild(FeatureRunner.java:135)
	at io.cucumber.junit.FeatureRunner.runChild(FeatureRunner.java:27)
	at org.junit.runners.ParentRunner$4.run(ParentRunner.java:331)
	at org.junit.runners.ParentRunner$1.schedule(ParentRunner.java:79)
	at org.junit.runners.ParentRunner.runChildren(ParentRunner.java:329)
	at org.junit.runners.ParentRunner.access$100(ParentRunner.java:66)
	at org.junit.runners.ParentRunner$2.evaluate(ParentRunner.java:293)
	at org.junit.runners.ParentRunner$3.evaluate(ParentRunner.java:306)
	at org.junit.runners.ParentRunner.run(ParentRunner.java:413)
	at io.cucumber.junit.Cucumber.runChild(Cucumber.java:200)
	at io.cucumber.junit.Cucumber.runChild(Cucumber.java:90)
	at org.junit.runners.ParentRunner$4.run(ParentRunner.java:331)
	at org.junit.runners.ParentRunner$1.schedule(ParentRunner.java:79)
	at org.junit.runners.ParentRunner.runChildren(ParentRunner.java:329)
	at org.junit.runners.ParentRunner.access$100(ParentRunner.java:66)
	at org.junit.runners.ParentRunner$2.evaluate(ParentRunner.java:293)
	at io.cucumber.junit.Cucumber$RunCucumber.evaluate(Cucumber.java:235)
	at org.junit.runners.ParentRunner$3.evaluate(ParentRunner.java:306)
	at org.junit.runners.ParentRunner.run(ParentRunner.java:413)
	at org.apache.maven.surefire.junit4.JUnit4Provider.execute(JUnit4Provider.java:365)
	at org.apache.maven.surefire.junit4.JUnit4Provider.executeWithRerun(JUnit4Provider.java:273)
	at org.apache.maven.surefire.junit4.JUnit4Provider.executeTestSet(JUnit4Provider.java:238)
	at org.apache.maven.surefire.junit4.JUnit4Provider.invoke(JUnit4Provider.java:159)
	at org.apache.maven.surefire.booter.ForkedBooter.invokeProviderInSameClassLoader(ForkedBooter.java:384)
	at org.apache.maven.surefire.booter.ForkedBooter.runSuitesInProcess(ForkedBooter.java:345)
	at org.apache.maven.surefire.booter.ForkedBooter.execute(ForkedBooter.java:126)
	at org.apache.maven.surefire.booter.ForkedBooter.main(ForkedBooter.java:418)

  And user clicks on calculate Button # StepDefinition.BillingOverloadedSteps.user_clicks_on_calculate_button()
  Then it gives the final amount 520  # null
]]></system-out>
  </testcase>
  <testcase name="Billing Amount #3" classname="Calculate Billing Amount #2" time="0.013">
    <error message="TODO: implement me" type="io.cucumber.java.PendingException">io.cucumber.java.PendingException: TODO: implement me
</error>
    <system-out><![CDATA[
Scenario Outline: Billing Amount       # src/test/resources/AppFeature/billingError.feature:14
  Given User is on Billing Page        # StepDefinition.BillingStringSteps.user_is_on_billing_page()
  When user enters billing amount 100  # StepDefinition.BillingOverloadedSteps.user_enters_billing_amount(java.lang.Integer)
  When user enters tax amount 5.5      # StepDefinition.BillingOverloadedSteps.user_enters_tax_amount(java.lang.Double)
  And user clicks on calculate Button  # StepDefinition.BillingOverloadedSteps.user_clicks_on_calculate_button()
      io.cucumber.java.PendingException: TODO: implement me
	at StepDefinition.BillingOverloadedSteps.user_clicks_on_calculate_button(BillingOverloadedSteps.java:33)
	at âœ½.user clicks on calculate Button(file:///Users/rahulmac/eclipse-workspace/CucumberPractices/src/test/resources/AppFeature/billingError.feature:7)

  Then it gives the final amount 105.5 # StepDefinition.BillingOverloadedSteps.it_gives_the_final_amount(java.lang.Double)
]]></system-out>
  </testcase>
  <testcase name="Login Fail - Possible Combination #1" classname="Login Feature" time="0.015"/>
  <testcase name="Login Fail - Possible Combination #2" classname="Login Feature" time="0.014"/>
  <testcase name="Login Fail - Possible Combination #3" classname="Login Feature" time="0.013"/>
  <testcase name="Register a User with different data" classname="User Registration" time="0.034"/>
  <testcase name="Register a User with different data with columns" classname="User Registration" time="0.037"/>
</testsuite>