<?xml version="1.0" encoding="UTF-8"?>
<testsuite xmlns:xsi="http://www.w3.org/2001/XMLSchema-instance" xsi:noNamespaceSchemaLocation="https://maven.apache.org/surefire/maven-surefire-plugin/xsd/surefire-test-report.xsd" name="TestRunner.AmazonTest" time="2.03" tests="19" errors="3" skipped="0" failures="0">
  <properties>
[...]
</properties>
  <testcase name="Check Previous Order Details" classname="Amazon Order Page" time="0.06"/>
  <testcase name="Check Open Order Details" classname="Amazon Order Page" time="0.013"/>
  <testcase name="Check Cancelled Order Details" classname="Amazon Order Page" time="0.014"/>
  <testcase name="Search a Product #1" classname="Amazon Search" time="0.034"/>
  <testcase name="Search a Product #2" classname="Amazon Search" time="0.013"/>
  <testcase name="Booking Cab Sedan" classname="Uber Booking Feature" time="0.013"/>
  <testcase name="Booking Cab SUV" classname="Uber Booking Feature" time="0.02"/>
  <testcase name="Booking Cab for Mini" classname="Uber Booking Feature" time="0.011"/>
  <testcase name="Billing Amount #1" classname="Calculate Billing Amount #1" time="0.014"/>
  <testcase name="Billing Amount #2" classname="Calculate Billing Amount #1" time="0.036"/>
  <testcase name="Billing Amount #3" classname="Calculate Billing Amount #1" time="0.014"/>
  <testcase name="Billing Amount #1" classname="Calculate Billing Amount #2" time="0.038">
    <error message="&quot;user enters tax amount 10&quot; matches more than one step definition:&#10;  &quot;user enters tax amount {double}&quot; in StepDefinition.BillingOverloadedSteps.user_enters_tax_amount(java.lang.Double)&#10;  &quot;user enters tax amount {int}&quot; in StepDefinition.BillingOverloadedSteps.user_enters_tax_amount(java.lang.Integer)" type="io.cucumber.core.runner.AmbiguousStepDefinitionsException">io.cucumber.core.runner.AmbiguousStepDefinitionsException: 
"user enters tax amount 10" matches more than one step definition:
  "user enters tax amount {double}" in StepDefinition.BillingOverloadedSteps.user_enters_tax_amount(java.lang.Double)
  "user enters tax amount {int}" in StepDefinition.BillingOverloadedSteps.user_enters_tax_amount(java.lang.Integer)
</error>
    <system-out><![CDATA[
Scenario Outline: Billing Amount       # src/test/resources/AppFeature/billingError.feature:12
  Given User is on Billing Page        # StepDefinition.BillingStringSteps.user_is_on_billing_page()
  When user enters billing amount 1000 # StepDefinition.BillingOverloadedSteps.user_enters_billing_amount(java.lang.Integer)
  When user enters tax amount 10       # null
      io.cucumber.core.runner.AmbiguousStepDefinitionsException: "user enters tax amount 10" matches more than one step definition:
  "user enters tax amount {double}" in StepDefinition.BillingOverloadedSteps.user_enters_tax_amount(java.lang.Double)
  "user enters tax amount {int}" in StepDefinition.BillingOverloadedSteps.user_enters_tax_amount(java.lang.Integer)
	at io.cucumber.core.runner.CachingGlue.findStepDefinitionMatch(CachingGlue.java:373)
	at io.cucumber.core.runner.CachingGlue.stepDefinitionMatch(CachingGlue.java:341)
	at io.cucumber.core.runner.Runner.matchStepToStepDefinition(Runner.java:148)
	at io.cucumber.core.runner.Runner.createTestStepsForPickleSteps(Runner.java:128)
	at io.cucumber.core.runner.Runner.createTestCaseForPickle(Runner.java:111)
	at io.cucumber.core.runner.Runner.runPickle(Runner.java:72)
	at io.cucumber.junit.PickleRunners$NoStepDescriptions.run(PickleRunners.java:151)
	at io.cucumber.junit.FeatureRunner.runChild(FeatureRunner.java:135)
	at io.cucumber.junit.FeatureRunner.runChild(FeatureRunner.java:27)
	at org.junit.runners.ParentRunner$4.run(ParentRunner.java:331)
	at org.junit.runners.ParentRunner$1.schedule(ParentRunner.java:79)
	at org.junit.runners.ParentRunner.runChildren(ParentRunner.java:329)
	at org.junit.runners.ParentRunner.access$100(ParentRunner.java:66)
	at org.junit.runners.ParentRunner$2.evaluate(ParentRunner.java:293)
	at org.junit.runners.ParentRunner$3.evaluate(ParentRunner.java:306)
	at org.junit.runners.ParentRunner.run(ParentRunner.java:413)
	at io.cucumber.junit.Cucumber.runChild(Cucumber.java:200)
	at io.cucumber.junit.Cucumber.runChild(Cucumber.java:90)
	at org.junit.runners.ParentRunner$4.run(ParentRunner.java:331)
	at org.junit.runners.ParentRunner$1.schedule(ParentRunner.java:79)
	at org.junit.runners.ParentRunner.runChildren(ParentRunner.java:329)
	at org.junit.runners.ParentRunner.access$100(ParentRunner.java:66)
	at org.junit.runners.ParentRunner$2.evaluate(ParentRunner.java:293)
	at io.cucumber.junit.Cucumber$RunCucumber.evaluate(Cucumber.java:235)
	at org.junit.runners.ParentRunner$3.evaluate(ParentRunner.java:306)
	at org.junit.runners.ParentRunner.run(ParentRunner.java:413)
	at org.apache.maven.surefire.junit4.JUnit4Provider.execute(JUnit4Provider.java:365)
	at org.apache.maven.surefire.junit4.JUnit4Provider.executeWithRerun(JUnit4Provider.java:273)
	at org.apache.maven.surefire.junit4.JUnit4Provider.executeTestSet(JUnit4Provider.java:238)
	at org.apache.maven.surefire.junit4.JUnit4Provider.invoke(JUnit4Provider.java:159)
	at org.apache.maven.surefire.booter.ForkedBooter.invokeProviderInSameClassLoader(ForkedBooter.java:384)
	at org.apache.maven.surefire.booter.ForkedBooter.runSuitesInProcess(ForkedBooter.java:345)
	at org.apache.maven.surefire.booter.ForkedBooter.execute(ForkedBooter.java:126)
	at org.apache.maven.surefire.booter.ForkedBooter.main(ForkedBooter.java:418)

  And user clicks on calculate Button  # StepDefinition.BillingOverloadedSteps.user_clicks_on_calculate_button()
  Then it gives the final amount 1010  # null
]]></system-out>
  </testcase>
  <testcase name="Billing Amount #2" classname="Calculate Billing Amount #2" time="0.024">
    <error message="&quot;user enters tax amount 20&quot; matches more than one step definition:&#10;  &quot;user enters tax amount {double}&quot; in StepDefinition.BillingOverloadedSteps.user_enters_tax_amount(java.lang.Double)&#10;  &quot;user enters tax amount {int}&quot; in StepDefinition.BillingOverloadedSteps.user_enters_tax_amount(java.lang.Integer)" type="io.cucumber.core.runner.AmbiguousStepDefinitionsException">io.cucumber.core.runner.AmbiguousStepDefinitionsException: 
"user enters tax amount 20" matches more than one step definition:
  "user enters tax amount {double}" in StepDefinition.BillingOverloadedSteps.user_enters_tax_amount(java.lang.Double)
  "user enters tax amount {int}" in StepDefinition.BillingOverloadedSteps.user_enters_tax_amount(java.lang.Integer)
</error>
    <system-out><![CDATA[
Scenario Outline: Billing Amount      # src/test/resources/AppFeature/billingError.feature:13
  Given User is on Billing Page       # StepDefinition.BillingStringSteps.user_is_on_billing_page()
  When user enters billing amount 500 # StepDefinition.BillingOverloadedSteps.user_enters_billing_amount(java.lang.Integer)
  When user enters tax amount 20      # null
      io.cucumber.core.runner.AmbiguousStepDefinitionsException: "user enters tax amount 20" matches more than one step definition:
  "user enters tax amount {double}" in StepDefinition.BillingOverloadedSteps.user_enters_tax_amount(java.lang.Double)
  "user enters tax amount {int}" in StepDefinition.BillingOverloadedSteps.user_enters_tax_amount(java.lang.Integer)
	at io.cucumber.core.runner.CachingGlue.findStepDefinitionMatch(CachingGlue.java:373)
	at io.cucumber.core.runner.CachingGlue.stepDefinitionMatch(CachingGlue.java:341)
	at io.cucumber.core.runner.Runner.matchStepToStepDefinition(Runner.java:148)
	at io.cucumber.core.runner.Runner.createTestStepsForPickleSteps(Runner.java:128)
	at io.cucumber.core.runner.Runner.createTestCaseForPickle(Runner.java:111)
	at io.cucumber.core.runner.Runner.runPickle(Runner.java:72)
	at io.cucumber.junit.PickleRunners$NoStepDescriptions.run(PickleRunners.java:151)
	at io.cucumber.junit.FeatureRunner.runChild(FeatureRunner.java:135)
	at io.cucumber.junit.FeatureRunner.runChild(FeatureRunner.java:27)
	at org.junit.runners.ParentRunner$4.run(ParentRunner.java:331)
	at org.junit.runners.ParentRunner$1.schedule(ParentRunner.java:79)
	at org.junit.runners.ParentRunner.runChildren(ParentRunner.java:329)
	at org.junit.runners.ParentRunner.access$100(ParentRunner.java:66)
	at org.junit.runners.ParentRunner$2.evaluate(ParentRunner.java:293)
	at org.junit.runners.ParentRunner$3.evaluate(ParentRunner.java:306)
	at org.junit.runners.ParentRunner.run(ParentRunner.java:413)
	at io.cucumber.junit.Cucumber.runChild(Cucumber.java:200)
	at io.cucumber.junit.Cucumber.runChild(Cucumber.java:90)
	at org.junit.runners.ParentRunner$4.run(ParentRunner.java:331)
	at org.junit.runners.ParentRunner$1.schedule(ParentRunner.java:79)
	at org.junit.runners.ParentRunner.runChildren(ParentRunner.java:329)
	at org.junit.runners.ParentRunner.access$100(ParentRunner.java:66)
	at org.junit.runners.ParentRunner$2.evaluate(ParentRunner.java:293)
	at io.cucumber.junit.Cucumber$RunCucumber.evaluate(Cucumber.java:235)
	at org.junit.runners.ParentRunner$3.evaluate(ParentRunner.java:306)
	at org.junit.runners.ParentRunner.run(ParentRunner.java:413)
	at org.apache.maven.surefire.junit4.JUnit4Provider.execute(JUnit4Provider.java:365)
	at org.apache.maven.surefire.junit4.JUnit4Provider.executeWithRerun(JUnit4Provider.java:273)
	at org.apache.maven.surefire.junit4.JUnit4Provider.executeTestSet(JUnit4Provider.java:238)
	at org.apache.maven.surefire.junit4.JUnit4Provider.invoke(JUnit4Provider.java:159)
	at org.apache.maven.surefire.booter.ForkedBooter.invokeProviderInSameClassLoader(ForkedBooter.java:384)
	at org.apache.maven.surefire.booter.ForkedBooter.runSuitesInProcess(ForkedBooter.java:345)
	at org.apache.maven.surefire.booter.ForkedBooter.execute(ForkedBooter.java:126)
	at org.apache.maven.surefire.booter.ForkedBooter.main(ForkedBooter.java:418)

  And user clicks on calculate Button # StepDefinition.BillingOverloadedSteps.user_clicks_on_calculate_button()
  Then it gives the final amount 520  # null
]]></system-out>
  </testcase>
  <testcase name="Billing Amount #3" classname="Calculate Billing Amount #2" time="0.013">
    <error message="TODO: implement me" type="io.cucumber.java.PendingException">io.cucumber.java.PendingException: TODO: implement me
</error>
    <system-out><![CDATA[
Scenario Outline: Billing Amount       # src/test/resources/AppFeature/billingError.feature:14
  Given User is on Billing Page        # StepDefinition.BillingStringSteps.user_is_on_billing_page()
  When user enters billing amount 100  # StepDefinition.BillingOverloadedSteps.user_enters_billing_amount(java.lang.Integer)
  When user enters tax amount 5.5      # StepDefinition.BillingOverloadedSteps.user_enters_tax_amount(java.lang.Double)
  And user clicks on calculate Button  # StepDefinition.BillingOverloadedSteps.user_clicks_on_calculate_button()
      io.cucumber.java.PendingException: TODO: implement me
	at StepDefinition.BillingOverloadedSteps.user_clicks_on_calculate_button(BillingOverloadedSteps.java:33)
	at ✽.user clicks on calculate Button(file:///Users/rahulmac/eclipse-workspace/CucumberPractices/src/test/resources/AppFeature/billingError.feature:7)

  Then it gives the final amount 105.5 # StepDefinition.BillingOverloadedSteps.it_gives_the_final_amount(java.lang.Double)
]]></system-out>
  </testcase>
  <testcase name="Login Fail - Possible Combination #1" classname="Login Feature" time="0.015"/>
  <testcase name="Login Fail - Possible Combination #2" classname="Login Feature" time="0.014"/>
  <testcase name="Login Fail - Possible Combination #3" classname="Login Feature" time="0.013"/>
  <testcase name="Register a User with different data" classname="User Registration" time="0.034"/>
  <testcase name="Register a User with different data with columns" classname="User Registration" time="0.037"/>
</testsuite>